0 info it worked if it ends with ok
1 verbose cli [ '/usr/bin/nodejs',
1 verbose cli   '/usr/bin/npm',
1 verbose cli   'install',
1 verbose cli   'node-token-jwt',
1 verbose cli   '--save' ]
2 info using npm@2.14.20
3 info using node@v4.4.1
4 verbose config Skipping project config: /home/lenovo/.npmrc. (matches userconfig)
5 verbose install initial load of /home/lenovo/package.json
6 verbose installManyTop reading scoped package data from /home/lenovo/node_modules/formidable/package.json
7 verbose installManyTop reading scoped package data from /home/lenovo/node_modules/mongodb/package.json
8 verbose installManyTop reading scoped package data from /home/lenovo/node_modules/mysql/package.json
9 verbose installManyTop reading scoped package data from /home/lenovo/node_modules/node-mysql/package.json
10 verbose installManyTop reading scoped package data from /home/lenovo/node_modules/randomstring/package.json
11 verbose installManyTop reading scoped package data from /home/lenovo/node_modules/util/package.json
12 info package.json formidable@1.0.17 No license field.
13 info package.json node-mysql@0.4.2 No license field.
14 info package.json util@0.10.3 util is also the name of a node core module.
15 verbose readDependencies loading dependencies from /home/lenovo/package.json
16 silly cache add args [ 'node-token-jwt', null ]
17 verbose cache add spec node-token-jwt
18 silly cache add parsed spec Result {
18 silly cache add   raw: 'node-token-jwt',
18 silly cache add   scope: null,
18 silly cache add   name: 'node-token-jwt',
18 silly cache add   rawSpec: '',
18 silly cache add   spec: 'latest',
18 silly cache add   type: 'tag' }
19 silly addNamed node-token-jwt@latest
20 verbose addNamed "latest" is being treated as a dist-tag for node-token-jwt
21 info addNameTag [ 'node-token-jwt', 'latest' ]
22 silly mapToRegistry name node-token-jwt
23 silly mapToRegistry using default registry
24 silly mapToRegistry registry https://registry.npmjs.org/
25 silly mapToRegistry uri https://registry.npmjs.org/node-token-jwt
26 verbose addNameTag registry:https://registry.npmjs.org/node-token-jwt not in flight; fetching
27 verbose request uri https://registry.npmjs.org/node-token-jwt
28 verbose request no auth needed
29 info attempt registry request try #1 at 11:48:46
30 verbose request id 5402ad47a0458dac
31 http request GET https://registry.npmjs.org/node-token-jwt
32 http 404 https://registry.npmjs.org/node-token-jwt
33 verbose headers { 'content-type': 'application/json',
33 verbose headers   'cache-control': 'max-age=0',
33 verbose headers   'content-length': '2',
33 verbose headers   'accept-ranges': 'bytes',
33 verbose headers   date: 'Fri, 22 Apr 2016 07:48:47 GMT',
33 verbose headers   via: '1.1 varnish',
33 verbose headers   age: '0',
33 verbose headers   connection: 'keep-alive',
33 verbose headers   'x-served-by': 'cache-lhr6322-LHR',
33 verbose headers   'x-cache': 'MISS',
33 verbose headers   'x-cache-hits': '0',
33 verbose headers   'x-timer': 'S1461311327.604829,VS0,VE97',
33 verbose headers   vary: 'Accept-Encoding' }
34 silly get cb [ 404,
34 silly get   { 'content-type': 'application/json',
34 silly get     'cache-control': 'max-age=0',
34 silly get     'content-length': '2',
34 silly get     'accept-ranges': 'bytes',
34 silly get     date: 'Fri, 22 Apr 2016 07:48:47 GMT',
34 silly get     via: '1.1 varnish',
34 silly get     age: '0',
34 silly get     connection: 'keep-alive',
34 silly get     'x-served-by': 'cache-lhr6322-LHR',
34 silly get     'x-cache': 'MISS',
34 silly get     'x-cache-hits': '0',
34 silly get     'x-timer': 'S1461311327.604829,VS0,VE97',
34 silly get     vary: 'Accept-Encoding' } ]
35 verbose stack Error: Registry returned 404 for GET on https://registry.npmjs.org/node-token-jwt
35 verbose stack     at makeError (/usr/lib/node_modules/npm/node_modules/npm-registry-client/lib/request.js:264:12)
35 verbose stack     at CachingRegistryClient.<anonymous> (/usr/lib/node_modules/npm/node_modules/npm-registry-client/lib/request.js:242:14)
35 verbose stack     at Request._callback (/usr/lib/node_modules/npm/node_modules/npm-registry-client/lib/request.js:172:14)
35 verbose stack     at Request.self.callback (/usr/lib/node_modules/npm/node_modules/request/request.js:199:22)
35 verbose stack     at emitTwo (events.js:87:13)
35 verbose stack     at Request.emit (events.js:172:7)
35 verbose stack     at Request.<anonymous> (/usr/lib/node_modules/npm/node_modules/request/request.js:1036:10)
35 verbose stack     at emitOne (events.js:82:20)
35 verbose stack     at Request.emit (events.js:169:7)
35 verbose stack     at IncomingMessage.<anonymous> (/usr/lib/node_modules/npm/node_modules/request/request.js:963:12)
36 verbose statusCode 404
37 verbose pkgid node-token-jwt
38 verbose cwd /home/lenovo/WebstormProjects/wallapoints
39 error Linux 3.19.0-56-generic
40 error argv "/usr/bin/nodejs" "/usr/bin/npm" "install" "node-token-jwt" "--save"
41 error node v4.4.1
42 error npm  v2.14.20
43 error code E404
44 error 404 Registry returned 404 for GET on https://registry.npmjs.org/node-token-jwt
44 error 404
44 error 404 'node-token-jwt' is not in the npm registry.
44 error 404 You should bug the author to publish it (or use the name yourself!)
44 error 404
44 error 404 Note that you can also install from a
44 error 404 tarball, folder, http url, or git url.
45 verbose exit [ 1, true ]
